Performing C++ SOURCE FILE Test HAVE_DECLSPEC_NOINLINE failed with the following output:
Change Dir: /Users/chenyao/Documents/GitHub/cs348b-2018-YaoChen/build/CMakeFiles/CMakeTmp

Run Build Command:"/usr/bin/make" "cmTC_ecfca/fast"
/Library/Developer/CommandLineTools/usr/bin/make -f CMakeFiles/cmTC_ecfca.dir/build.make CMakeFiles/cmTC_ecfca.dir/build
Building CXX object CMakeFiles/cmTC_ecfca.dir/src.cxx.o
/Library/Developer/CommandLineTools/usr/bin/c++    -std=c++11 -Wno-deprecated-register -DHAVE_DECLSPEC_NOINLINE   -o CMakeFiles/cmTC_ecfca.dir/src.cxx.o -c /Users/chenyao/Documents/GitHub/cs348b-2018-YaoChen/build/CMakeFiles/CMakeTmp/src.cxx
/Users/chenyao/Documents/GitHub/cs348b-2018-YaoChen/build/CMakeFiles/CMakeTmp/src.cxx:1:1: error: '__declspec' attributes are not enabled; use '-fdeclspec' or '-fms-extensions' to enable support for __declspec attributes
__declspec(noinline) void foo() { }
^
1 error generated.
make[1]: *** [CMakeFiles/cmTC_ecfca.dir/src.cxx.o] Error 1
make: *** [cmTC_ecfca/fast] Error 2

Source file was:
__declspec(noinline) void foo() { }
int main() { }
Performing C++ SOURCE FILE Test HAVE__ALIGNED_MALLOC failed with the following output:
Change Dir: /Users/chenyao/Documents/GitHub/cs348b-2018-YaoChen/build/CMakeFiles/CMakeTmp

Run Build Command:"/usr/bin/make" "cmTC_9959e/fast"
/Library/Developer/CommandLineTools/usr/bin/make -f CMakeFiles/cmTC_9959e.dir/build.make CMakeFiles/cmTC_9959e.dir/build
Building CXX object CMakeFiles/cmTC_9959e.dir/src.cxx.o
/Library/Developer/CommandLineTools/usr/bin/c++    -std=c++11 -Wno-deprecated-register -DHAVE__ALIGNED_MALLOC   -o CMakeFiles/cmTC_9959e.dir/src.cxx.o -c /Users/chenyao/Documents/GitHub/cs348b-2018-YaoChen/build/CMakeFiles/CMakeTmp/src.cxx
/Users/chenyao/Documents/GitHub/cs348b-2018-YaoChen/build/CMakeFiles/CMakeTmp/src.cxx:2:10: fatal error: 'malloc.h' file not found
#include <malloc.h>
         ^~~~~~~~~~
1 error generated.
make[1]: *** [CMakeFiles/cmTC_9959e.dir/src.cxx.o] Error 1
make: *** [cmTC_9959e/fast] Error 2

Source file was:

#include <malloc.h>
int main() { void * ptr = _aligned_malloc(1024, 32); }

Performing C++ SOURCE FILE Test HAVE_MEMALIGN failed with the following output:
Change Dir: /Users/chenyao/Documents/GitHub/cs348b-2018-YaoChen/build/CMakeFiles/CMakeTmp

Run Build Command:"/usr/bin/make" "cmTC_636cc/fast"
/Library/Developer/CommandLineTools/usr/bin/make -f CMakeFiles/cmTC_636cc.dir/build.make CMakeFiles/cmTC_636cc.dir/build
Building CXX object CMakeFiles/cmTC_636cc.dir/src.cxx.o
/Library/Developer/CommandLineTools/usr/bin/c++    -std=c++11 -Wno-deprecated-register -DHAVE_MEMALIGN   -o CMakeFiles/cmTC_636cc.dir/src.cxx.o -c /Users/chenyao/Documents/GitHub/cs348b-2018-YaoChen/build/CMakeFiles/CMakeTmp/src.cxx
/Users/chenyao/Documents/GitHub/cs348b-2018-YaoChen/build/CMakeFiles/CMakeTmp/src.cxx:2:10: fatal error: 'malloc.h' file not found
#include <malloc.h>
         ^~~~~~~~~~
1 error generated.
make[1]: *** [CMakeFiles/cmTC_636cc.dir/src.cxx.o] Error 1
make: *** [cmTC_636cc/fast] Error 2

Source file was:

#include <malloc.h>
int main() {
    void *ptr = memalign(32, 1024);
} 
Performing C++ SOURCE FILE Test HAVE_DECLSPEC_THREAD failed with the following output:
Change Dir: /Users/chenyao/Documents/GitHub/cs348b-2018-YaoChen/build/CMakeFiles/CMakeTmp

Run Build Command:"/usr/bin/make" "cmTC_310a8/fast"
/Library/Developer/CommandLineTools/usr/bin/make -f CMakeFiles/cmTC_310a8.dir/build.make CMakeFiles/cmTC_310a8.dir/build
Building CXX object CMakeFiles/cmTC_310a8.dir/src.cxx.o
/Library/Developer/CommandLineTools/usr/bin/c++    -std=c++11 -Wno-deprecated-register -DHAVE_DECLSPEC_THREAD   -o CMakeFiles/cmTC_310a8.dir/src.cxx.o -c /Users/chenyao/Documents/GitHub/cs348b-2018-YaoChen/build/CMakeFiles/CMakeTmp/src.cxx
/Users/chenyao/Documents/GitHub/cs348b-2018-YaoChen/build/CMakeFiles/CMakeTmp/src.cxx:2:1: error: '__declspec' attributes are not enabled; use '-fdeclspec' or '-fms-extensions' to enable support for __declspec attributes
__declspec(thread) int x; int main() { }
^
1 error generated.
make[1]: *** [CMakeFiles/cmTC_310a8.dir/src.cxx.o] Error 1
make: *** [cmTC_310a8/fast] Error 2

Source file was:

__declspec(thread) int x; int main() { }

Determining if the include file syscall.h exists failed with the following output:
Change Dir: /Users/chenyao/Documents/GitHub/cs348b-2018-YaoChen/build/CMakeFiles/CMakeTmp

Run Build Command:"/usr/bin/make" "cmTC_94189/fast"
/Library/Developer/CommandLineTools/usr/bin/make -f CMakeFiles/cmTC_94189.dir/build.make CMakeFiles/cmTC_94189.dir/build
Building C object CMakeFiles/cmTC_94189.dir/CheckIncludeFile.c.o
/Library/Developer/CommandLineTools/usr/bin/cc    -o CMakeFiles/cmTC_94189.dir/CheckIncludeFile.c.o   -c /Users/chenyao/Documents/GitHub/cs348b-2018-YaoChen/build/CMakeFiles/CMakeTmp/CheckIncludeFile.c
/Users/chenyao/Documents/GitHub/cs348b-2018-YaoChen/build/CMakeFiles/CMakeTmp/CheckIncludeFile.c:1:10: fatal error: 'syscall.h' file not found
#include <syscall.h>
         ^~~~~~~~~~~
1 error generated.
make[1]: *** [CMakeFiles/cmTC_94189.dir/CheckIncludeFile.c.o] Error 1
make: *** [cmTC_94189/fast] Error 2


Determining if the include file ucontext.h exists failed with the following output:
Change Dir: /Users/chenyao/Documents/GitHub/cs348b-2018-YaoChen/build/CMakeFiles/CMakeTmp

Run Build Command:"/usr/bin/make" "cmTC_6caff/fast"
/Library/Developer/CommandLineTools/usr/bin/make -f CMakeFiles/cmTC_6caff.dir/build.make CMakeFiles/cmTC_6caff.dir/build
Building C object CMakeFiles/cmTC_6caff.dir/CheckIncludeFile.c.o
/Library/Developer/CommandLineTools/usr/bin/cc    -o CMakeFiles/cmTC_6caff.dir/CheckIncludeFile.c.o   -c /Users/chenyao/Documents/GitHub/cs348b-2018-YaoChen/build/CMakeFiles/CMakeTmp/CheckIncludeFile.c
In file included from /Users/chenyao/Documents/GitHub/cs348b-2018-YaoChen/build/CMakeFiles/CMakeTmp/CheckIncludeFile.c:1:
/usr/include/ucontext.h:43:2: error: The deprecated ucontext routines require _XOPEN_SOURCE to be defined
#error The deprecated ucontext routines require _XOPEN_SOURCE to be defined
 ^
1 error generated.
make[1]: *** [CMakeFiles/cmTC_6caff.dir/CheckIncludeFile.c.o] Error 1
make: *** [cmTC_6caff/fast] Error 2


Determining if the include file ext/slist exists failed with the following output:
Change Dir: /Users/chenyao/Documents/GitHub/cs348b-2018-YaoChen/build/CMakeFiles/CMakeTmp

Run Build Command:"/usr/bin/make" "cmTC_c8e49/fast"
/Library/Developer/CommandLineTools/usr/bin/make -f CMakeFiles/cmTC_c8e49.dir/build.make CMakeFiles/cmTC_c8e49.dir/build
Building CXX object CMakeFiles/cmTC_c8e49.dir/CheckIncludeFile.cxx.o
/Library/Developer/CommandLineTools/usr/bin/c++    -std=c++11 -Wno-deprecated-register    -o CMakeFiles/cmTC_c8e49.dir/CheckIncludeFile.cxx.o -c /Users/chenyao/Documents/GitHub/cs348b-2018-YaoChen/build/CMakeFiles/CMakeTmp/CheckIncludeFile.cxx
/Users/chenyao/Documents/GitHub/cs348b-2018-YaoChen/build/CMakeFiles/CMakeTmp/CheckIncludeFile.cxx:1:10: fatal error: 'ext/slist' file not found
#include <ext/slist>
         ^~~~~~~~~~~
1 error generated.
make[1]: *** [CMakeFiles/cmTC_c8e49.dir/CheckIncludeFile.cxx.o] Error 1
make: *** [cmTC_c8e49/fast] Error 2


Determining if the include file tr1/unordered_map exists failed with the following output:
Change Dir: /Users/chenyao/Documents/GitHub/cs348b-2018-YaoChen/build/CMakeFiles/CMakeTmp

Run Build Command:"/usr/bin/make" "cmTC_d6d10/fast"
/Library/Developer/CommandLineTools/usr/bin/make -f CMakeFiles/cmTC_d6d10.dir/build.make CMakeFiles/cmTC_d6d10.dir/build
Building CXX object CMakeFiles/cmTC_d6d10.dir/CheckIncludeFile.cxx.o
/Library/Developer/CommandLineTools/usr/bin/c++    -std=c++11 -Wno-deprecated-register    -o CMakeFiles/cmTC_d6d10.dir/CheckIncludeFile.cxx.o -c /Users/chenyao/Documents/GitHub/cs348b-2018-YaoChen/build/CMakeFiles/CMakeTmp/CheckIncludeFile.cxx
/Users/chenyao/Documents/GitHub/cs348b-2018-YaoChen/build/CMakeFiles/CMakeTmp/CheckIncludeFile.cxx:1:10: fatal error: 'tr1/unordered_map' file not found
#include <tr1/unordered_map>
         ^~~~~~~~~~~~~~~~~~~
1 error generated.
make[1]: *** [CMakeFiles/cmTC_d6d10.dir/CheckIncludeFile.cxx.o] Error 1
make: *** [cmTC_d6d10/fast] Error 2


Determining if the include file tr1/unordered_set exists failed with the following output:
Change Dir: /Users/chenyao/Documents/GitHub/cs348b-2018-YaoChen/build/CMakeFiles/CMakeTmp

Run Build Command:"/usr/bin/make" "cmTC_7e53a/fast"
/Library/Developer/CommandLineTools/usr/bin/make -f CMakeFiles/cmTC_7e53a.dir/build.make CMakeFiles/cmTC_7e53a.dir/build
Building CXX object CMakeFiles/cmTC_7e53a.dir/CheckIncludeFile.cxx.o
/Library/Developer/CommandLineTools/usr/bin/c++    -std=c++11 -Wno-deprecated-register    -o CMakeFiles/cmTC_7e53a.dir/CheckIncludeFile.cxx.o -c /Users/chenyao/Documents/GitHub/cs348b-2018-YaoChen/build/CMakeFiles/CMakeTmp/CheckIncludeFile.cxx
/Users/chenyao/Documents/GitHub/cs348b-2018-YaoChen/build/CMakeFiles/CMakeTmp/CheckIncludeFile.cxx:1:10: fatal error: 'tr1/unordered_set' file not found
#include <tr1/unordered_set>
         ^~~~~~~~~~~~~~~~~~~
1 error generated.
make[1]: *** [CMakeFiles/cmTC_7e53a.dir/CheckIncludeFile.cxx.o] Error 1
make: *** [cmTC_7e53a/fast] Error 2


Determining size of unsigned __int16 failed with the following output:
Change Dir: /Users/chenyao/Documents/GitHub/cs348b-2018-YaoChen/build/CMakeFiles/CMakeTmp

Run Build Command:"/usr/bin/make" "cmTC_7b829/fast"
/Library/Developer/CommandLineTools/usr/bin/make -f CMakeFiles/cmTC_7b829.dir/build.make CMakeFiles/cmTC_7b829.dir/build
Building C object CMakeFiles/cmTC_7b829.dir/HAVE___UINT16.c.o
/Library/Developer/CommandLineTools/usr/bin/cc    -o CMakeFiles/cmTC_7b829.dir/HAVE___UINT16.c.o   -c /Users/chenyao/Documents/GitHub/cs348b-2018-YaoChen/build/CMakeFiles/CheckTypeSize/HAVE___UINT16.c
/Users/chenyao/Documents/GitHub/cs348b-2018-YaoChen/build/CMakeFiles/CheckTypeSize/HAVE___UINT16.c:25:12: error: expected ')'
  ('0' + ((SIZE / 10000)%10)),
           ^
/Users/chenyao/Documents/GitHub/cs348b-2018-YaoChen/build/CMakeFiles/CheckTypeSize/HAVE___UINT16.c:23:31: note: expanded from macro 'SIZE'
#define SIZE (sizeof(unsigned __int16))
                              ^
/Users/chenyao/Documents/GitHub/cs348b-2018-YaoChen/build/CMakeFiles/CheckTypeSize/HAVE___UINT16.c:25:12: note: to match this '('
/Users/chenyao/Documents/GitHub/cs348b-2018-YaoChen/build/CMakeFiles/CheckTypeSize/HAVE___UINT16.c:23:21: note: expanded from macro 'SIZE'
#define SIZE (sizeof(unsigned __int16))
                    ^
/Users/chenyao/Documents/GitHub/cs348b-2018-YaoChen/build/CMakeFiles/CheckTypeSize/HAVE___UINT16.c:26:12: error: expected ')'
  ('0' + ((SIZE / 1000)%10)),
           ^
/Users/chenyao/Documents/GitHub/cs348b-2018-YaoChen/build/CMakeFiles/CheckTypeSize/HAVE___UINT16.c:23:31: note: expanded from macro 'SIZE'
#define SIZE (sizeof(unsigned __int16))
                              ^
/Users/chenyao/Documents/GitHub/cs348b-2018-YaoChen/build/CMakeFiles/CheckTypeSize/HAVE___UINT16.c:26:12: note: to match this '('
/Users/chenyao/Documents/GitHub/cs348b-2018-YaoChen/build/CMakeFiles/CheckTypeSize/HAVE___UINT16.c:23:21: note: expanded from macro 'SIZE'
#define SIZE (sizeof(unsigned __int16))
                    ^
/Users/chenyao/Documents/GitHub/cs348b-2018-YaoChen/build/CMakeFiles/CheckTypeSize/HAVE___UINT16.c:27:12: error: expected ')'
  ('0' + ((SIZE / 100)%10)),
           ^
/Users/chenyao/Documents/GitHub/cs348b-2018-YaoChen/build/CMakeFiles/CheckTypeSize/HAVE___UINT16.c:23:31: note: expanded from macro 'SIZE'
#define SIZE (sizeof(unsigned __int16))
                              ^
/Users/chenyao/Documents/GitHub/cs348b-2018-YaoChen/build/CMakeFiles/CheckTypeSize/HAVE___UINT16.c:27:12: note: to match this '('
/Users/chenyao/Documents/GitHub/cs348b-2018-YaoChen/build/CMakeFiles/CheckTypeSize/HAVE___UINT16.c:23:21: note: expanded from macro 'SIZE'
#define SIZE (sizeof(unsigned __int16))
                    ^
/Users/chenyao/Documents/GitHub/cs348b-2018-YaoChen/build/CMakeFiles/CheckTypeSize/HAVE___UINT16.c:28:12: error: expected ')'
  ('0' + ((SIZE / 10)%10)),
           ^
/Users/chenyao/Documents/GitHub/cs348b-2018-YaoChen/build/CMakeFiles/CheckTypeSize/HAVE___UINT16.c:23:31: note: expanded from macro 'SIZE'
#define SIZE (sizeof(unsigned __int16))
                              ^
/Users/chenyao/Documents/GitHub/cs348b-2018-YaoChen/build/CMakeFiles/CheckTypeSize/HAVE___UINT16.c:28:12: note: to match this '('
/Users/chenyao/Documents/GitHub/cs348b-2018-YaoChen/build/CMakeFiles/CheckTypeSize/HAVE___UINT16.c:23:21: note: expanded from macro 'SIZE'
#define SIZE (sizeof(unsigned __int16))
                    ^
/Users/chenyao/Documents/GitHub/cs348b-2018-YaoChen/build/CMakeFiles/CheckTypeSize/HAVE___UINT16.c:29:12: error: expected ')'
  ('0' +  (SIZE    % 10)),
           ^
/Users/chenyao/Documents/GitHub/cs348b-2018-YaoChen/build/CMakeFiles/CheckTypeSize/HAVE___UINT16.c:23:31: note: expanded from macro 'SIZE'
#define SIZE (sizeof(unsigned __int16))
                              ^
/Users/chenyao/Documents/GitHub/cs348b-2018-YaoChen/build/CMakeFiles/CheckTypeSize/HAVE___UINT16.c:29:12: note: to match this '('
/Users/chenyao/Documents/GitHub/cs348b-2018-YaoChen/build/CMakeFiles/CheckTypeSize/HAVE___UINT16.c:23:21: note: expanded from macro 'SIZE'
#define SIZE (sizeof(unsigned __int16))
                    ^
5 errors generated.
make[1]: *** [CMakeFiles/cmTC_7b829.dir/HAVE___UINT16.c.o] Error 1
make: *** [cmTC_7b829/fast] Error 2

/Users/chenyao/Documents/GitHub/cs348b-2018-YaoChen/build/CMakeFiles/CheckTypeSize/HAVE___UINT16.c:
#include <sys/types.h>
#include <stdint.h>
#include <stddef.h>


#undef KEY
#if defined(__i386)
# define KEY '_','_','i','3','8','6'
#elif defined(__x86_64)
# define KEY '_','_','x','8','6','_','6','4'
#elif defined(__ppc__)
# define KEY '_','_','p','p','c','_','_'
#elif defined(__ppc64__)
# define KEY '_','_','p','p','c','6','4','_','_'
#elif defined(__aarch64__)
# define KEY '_','_','a','a','r','c','h','6','4','_','_'
#elif defined(__ARM_ARCH_7A__)
# define KEY '_','_','A','R','M','_','A','R','C','H','_','7','A','_','_'
#elif defined(__ARM_ARCH_7S__)
# define KEY '_','_','A','R','M','_','A','R','C','H','_','7','S','_','_'
#endif

#define SIZE (sizeof(unsigned __int16))
char info_size[] =  {'I', 'N', 'F', 'O', ':', 's','i','z','e','[',
  ('0' + ((SIZE / 10000)%10)),
  ('0' + ((SIZE / 1000)%10)),
  ('0' + ((SIZE / 100)%10)),
  ('0' + ((SIZE / 10)%10)),
  ('0' +  (SIZE    % 10)),
  ']',
#ifdef KEY
  ' ','k','e','y','[', KEY, ']',
#endif
  '\0'};

#ifdef __CLASSIC_C__
int main(argc, argv) int argc; char *argv[];
#else
int main(int argc, char *argv[])
#endif
{
  int require = 0;
  require += info_size[argc];
  (void)argv;
  return require;
}


Determining if the function get_static_proc_name exists in the unwind failed with the following output:
Change Dir: /Users/chenyao/Documents/GitHub/cs348b-2018-YaoChen/build/CMakeFiles/CMakeTmp

Run Build Command:"/usr/bin/make" "cmTC_33830/fast"
/Library/Developer/CommandLineTools/usr/bin/make -f CMakeFiles/cmTC_33830.dir/build.make CMakeFiles/cmTC_33830.dir/build
Building C object CMakeFiles/cmTC_33830.dir/CheckFunctionExists.c.o
/Library/Developer/CommandLineTools/usr/bin/cc   -DCHECK_FUNCTION_EXISTS=get_static_proc_name   -o CMakeFiles/cmTC_33830.dir/CheckFunctionExists.c.o   -c /Library/Python/2.7/site-packages/cmake/data/CMake.app/Contents/share/cmake-3.10/Modules/CheckFunctionExists.c
Linking C executable cmTC_33830
/Library/Python/2.7/site-packages/cmake/data/CMake.app/Contents/bin/cmake -E cmake_link_script CMakeFiles/cmTC_33830.dir/link.txt --verbose=1
/Library/Developer/CommandLineTools/usr/bin/cc  -DCHECK_FUNCTION_EXISTS=get_static_proc_name -Wl,-search_paths_first -Wl,-headerpad_max_install_names   CMakeFiles/cmTC_33830.dir/CheckFunctionExists.c.o  -o cmTC_33830 -lunwind 
ld: library not found for -lunwind
clang: error: linker command failed with exit code 1 (use -v to see invocation)
make[1]: *** [cmTC_33830] Error 1
make: *** [cmTC_33830/fast] Error 2


Performing C SOURCE FILE Test HAVE___DECLSPEC failed with the following output:
Change Dir: /Users/chenyao/Documents/GitHub/cs348b-2018-YaoChen/build/CMakeFiles/CMakeTmp

Run Build Command:"/usr/bin/make" "cmTC_13251/fast"
/Library/Developer/CommandLineTools/usr/bin/make -f CMakeFiles/cmTC_13251.dir/build.make CMakeFiles/cmTC_13251.dir/build
Building C object CMakeFiles/cmTC_13251.dir/src.c.o
/Library/Developer/CommandLineTools/usr/bin/cc   -DHAVE___DECLSPEC   -o CMakeFiles/cmTC_13251.dir/src.c.o   -c /Users/chenyao/Documents/GitHub/cs348b-2018-YaoChen/build/CMakeFiles/CMakeTmp/src.c
/Users/chenyao/Documents/GitHub/cs348b-2018-YaoChen/build/CMakeFiles/CMakeTmp/src.c:2:1: error: '__declspec' attributes are not enabled; use '-fdeclspec' or '-fms-extensions' to enable support for __declspec attributes
__declspec(selectany) int a;
^
1 error generated.
make[1]: *** [CMakeFiles/cmTC_13251.dir/src.c.o] Error 1
make: *** [cmTC_13251/fast] Error 2

Source file was:

__declspec(selectany) int a;
int main(void) { return 0; }

Performing C++ SOURCE FILE Test STL_NO_NAMESPACE failed with the following output:
Change Dir: /Users/chenyao/Documents/GitHub/cs348b-2018-YaoChen/build/CMakeFiles/CMakeTmp

Run Build Command:"/usr/bin/make" "cmTC_a3412/fast"
/Library/Developer/CommandLineTools/usr/bin/make -f CMakeFiles/cmTC_a3412.dir/build.make CMakeFiles/cmTC_a3412.dir/build
Building CXX object CMakeFiles/cmTC_a3412.dir/src.cxx.o
/Library/Developer/CommandLineTools/usr/bin/c++    -std=c++11 -Wno-deprecated-register -DSTL_NO_NAMESPACE   -o CMakeFiles/cmTC_a3412.dir/src.cxx.o -c /Users/chenyao/Documents/GitHub/cs348b-2018-YaoChen/build/CMakeFiles/CMakeTmp/src.cxx
/Users/chenyao/Documents/GitHub/cs348b-2018-YaoChen/build/CMakeFiles/CMakeTmp/src.cxx:3:1: error: no template named 'vector'; did you mean 'std::vector'?
vector<int> t; int main() { }
^~~~~~
std::vector
/Library/Developer/CommandLineTools/usr/include/c++/v1/vector:447:28: note: 'std::vector' declared here
class _LIBCPP_TEMPLATE_VIS vector
                           ^
1 error generated.
make[1]: *** [CMakeFiles/cmTC_a3412.dir/src.cxx.o] Error 1
make: *** [cmTC_a3412/fast] Error 2

Source file was:

#include <vector>
vector<int> t; int main() { }

